<?xml version="1.0" encoding="UTF-8"?>
<testng-results ignored="0" total="1" passed="1" failed="0" skipped="0">
  <reporter-output>
  </reporter-output>
  <suite started-at="2025-08-10T00:42:44 IST" name="Surefire suite" finished-at="2025-08-10T00:43:05 IST" duration-ms="20935">
    <groups>
      <group name="cucumber">
        <method signature="AbstractTestNGCucumberTests.runScenario(io.cucumber.testng.PickleWrapper,io.cucumber.testng.FeatureWrapper)[pri:0, instance:runners.TestRunner@41fbdac4]" name="runScenario" class="io.cucumber.testng.AbstractTestNGCucumberTests"/>
      </group> <!-- cucumber -->
    </groups>
    <test started-at="2025-08-10T00:42:44 IST" name="Surefire test" finished-at="2025-08-10T00:43:05 IST" duration-ms="20935">
      <class name="runners.TestRunner">
        <test-method is-config="true" signature="setUpClass(org.testng.ITestContext)[pri:0, instance:runners.TestRunner@41fbdac4]" started-at="2025-08-10T00:42:44 IST" name="setUpClass" finished-at="2025-08-10T00:42:45 IST" duration-ms="840" status="PASS">
          <params>
            <param index="0">
              <value>
                <![CDATA[org.testng.TestRunner@919086]]>
              </value>
            </param>
          </params>
          <reporter-output>
          </reporter-output>
        </test-method> <!-- setUpClass -->
        <test-method signature="runScenario(io.cucumber.testng.PickleWrapper,io.cucumber.testng.FeatureWrapper)[pri:0, instance:runners.TestRunner@41fbdac4]" started-at="2025-08-10T00:42:45 IST" name="runScenario" description="Runs Cucumber Scenarios" data-provider="scenarios" finished-at="2025-08-10T00:43:05 IST" duration-ms="19974" status="PASS">
          <params>
            <param index="0">
              <value>
                <![CDATA["User signs up, logs in, adds product to cart, places an order, and gets thank you"]]>
              </value>
            </param>
            <param index="1">
              <value>
                <![CDATA["Complete user purchase flow at Demoblaze"]]>
              </value>
            </param>
          </params>
          <reporter-output>
          </reporter-output>
        </test-method> <!-- runScenario -->
        <test-method is-config="true" signature="tearDownClass()[pri:0, instance:runners.TestRunner@41fbdac4]" started-at="2025-08-10T00:43:05 IST" name="tearDownClass" finished-at="2025-08-10T00:43:05 IST" duration-ms="60" status="PASS">
          <reporter-output>
          </reporter-output>
        </test-method> <!-- tearDownClass -->
      </class> <!-- runners.TestRunner -->
    </test> <!-- Surefire test -->
  </suite> <!-- Surefire suite -->
</testng-results>
