<?xml version="1.0" encoding="UTF-8"?>
<testsuite xmlns:xsi="http://www.w3.org/2001/XMLSchema-instance" xsi:noNamespaceSchemaLocation="https://maven.apache.org/surefire/maven-surefire-plugin/xsd/surefire-test-report-3.0.xsd" version="3.0" name="runners.TestRunner" time="21.73" tests="1" errors="0" skipped="0" failures="0">
  <properties>
[...]
</properties>
  <testcase name="runScenario[&quot;User signs up, logs in, adds product to cart, places an order, and gets thank you&quot;, &quot;Complete user purchase flow at Demoblaze&quot;](1)" classname="runners.TestRunner" time="19.976">
    <system-out><![CDATA[
Scenario: User signs up, logs in, adds product to cart, places an order, and gets thank you # src/test/resources/features/E2EPurchaseFlowSteps.feature:3
  Given user opens Demoblaze homepage                                                       # stepDefinitions.E2EPurchaseFlowSteps.openHomePage()
  When user registers with a new username and logs in                                       # stepDefinitions.E2EPurchaseFlowSteps.registerAndLogin()
  And user selects the "Samsung galaxy s6" product                                          # stepDefinitions.E2EPurchaseFlowSteps.selectProduct(java.lang.String)
  And user adds the product to the cart                                                     # stepDefinitions.E2EPurchaseFlowSteps.addProductToCart()
00:43:01.508 [main] ERROR AutomationLogger - Failed to take screenshot: unexpected alert open: {Alert text : Product added.}
  (Session info: chrome=138.0.7204.185): Product added.
Build info: version: '4.15.0', revision: '1d14b5521b'
System info: os.name: 'Windows 11', os.arch: 'amd64', os.version: '10.0', java.version: '21.0.2'
Driver info: org.openqa.selenium.chrome.ChromeDriver
Command: [7bc9621a1a65f9138306fbcf8d27a724, screenshot {}]
Capabilities {acceptInsecureCerts: false, browserName: chrome, browserVersion: 138.0.7204.185, chrome: {chromedriverVersion: 138.0.7204.183 (e90faf484dd..., userDataDir: C:\Windows\SystemTemp\scope...}, fedcm:accounts: true, goog:chromeOptions: {debuggerAddress: localhost:57092}, networkConnectionEnabled: false, pageLoadStrategy: normal, platformName: windows, proxy: Proxy(), se:cdp: ws://localhost:57092/devtoo..., se:cdpVersion: 138.0.7204.185, setWindowRect: true, strictFileInteractability: false, timeouts: {implicit: 0, pageLoad: 300000, script: 30000}, unhandledPromptBehavior: dismiss and notify, webauthn:extension:credBlob: true, webauthn:extension:largeBlob: true, webauthn:extension:minPinLength: true, webauthn:extension:prf: true, webauthn:virtualAuthenticators: true}
Session ID: 7bc9621a1a65f9138306fbcf8d27a724
  And user places the order with valid details                                              # stepDefinitions.E2EPurchaseFlowSteps.placeOrder()
  Then user should see a "Thank you for your purchase!" confirmation                        # stepDefinitions.E2EPurchaseFlowSteps.verifyPurchaseConfirmation(java.lang.String)
]]></system-out>
    <system-err><![CDATA[[main] INFO io.github.bonigarcia.wdm.WebDriverManager - Using chromedriver 138.0.7204.183 (resolved driver for Chrome 138)
[main] INFO io.github.bonigarcia.wdm.WebDriverManager - Exporting webdriver.chrome.driver as C:\Users\Administrator\.cache\selenium\chromedriver\win64\138.0.7204.183\chromedriver.exe
Aug 10, 2025 12:42:48 AM org.openqa.selenium.devtools.CdpVersionFinder findNearestMatch
WARNING: Unable to find CDP implementation matching 138
Aug 10, 2025 12:42:48 AM org.openqa.selenium.chromium.ChromiumDriver lambda$new$5
WARNING: Unable to find version of CDP to use for 138.0.7204.185. You may need to include a dependency on a specific version of the CDP using something similar to `org.seleniumhq.selenium:selenium-devtools-v86:4.15.0` where the version ("v86") matches the version of the chromium-based browser you're using and the version number of the artifact is the same as Selenium's.
]]></system-err>
  </testcase>
</testsuite>